Using pre-set license
Built from '2020.3/staging' branch; Version is '2020.3.47f1 (5ef4f5b5e2d4) revision 6223093'; Using compiler version '192528614'; Build Type 'Release'
OS: 'Windows 11  (10.0.22621) 64bit Professional' Language: 'tr' Physical Memory: 16216 MB
BatchMode: 1, IsHumanControllingUs: 0, StartBugReporterOnCrash: 0, Is64bit: 1, IsPro: 0

COMMAND LINE ARGUMENTS:
C:\Program Files\Unity\Hub\Editor\2020.3.47f1\Editor\Unity.exe
-adb2
-batchMode
-noUpm
-name
AssetImportWorker0
-projectPath
C:/Users/sinan/gougj/Assets
-logFile
Logs/AssetImportWorker0.log
-srvPort
52048
Successfully changed project path to: C:/Users/sinan/gougj/Assets
C:/Users/sinan/gougj/Assets
Using Asset Import Pipeline V2.
Player connection [9492] Host "[IP] 192.168.0.24 [Port] 2953007200 [Flags] 2 [Guid] 1929022763 [EditorId] 1929022763 [Version] 1048832 [Id] WindowsEditor(7,DESKTOP-NB3F3D8) [Debug] 1 [PackageName] WindowsEditor [ProjectName] Editor" joined multi-casting on [225.0.0.222:54997]...

Player connection [9492] Host "[IP] 192.168.0.24 [Port] 2953007200 [Flags] 2 [Guid] 1929022763 [EditorId] 1929022763 [Version] 1048832 [Id] WindowsEditor(7,DESKTOP-NB3F3D8) [Debug] 1 [PackageName] WindowsEditor [ProjectName] Editor" joined alternative multi-casting on [225.0.0.222:34997]...

Refreshing native plugins compatible for Editor in 25.58 ms, found 2 plugins.
Preloading 0 native plugins for Editor in 0.00 ms.
Initialize engine version: 2020.3.47f1 (5ef4f5b5e2d4)
[Subsystems] Discovering subsystems at path C:/Program Files/Unity/Hub/Editor/2020.3.47f1/Editor/Data/Resources/UnitySubsystems
[Subsystems] Discovering subsystems at path C:/Users/sinan/gougj/Assets/Assets
GfxDevice: creating device client; threaded=0
Direct3D:
    Version:  Direct3D 11.0 [level 11.1]
    Renderer: NVIDIA GeForce RTX 2060 (ID=0x1f15)
    Vendor:   
    VRAM:     5968 MB
    Driver:   31.0.15.3129
Initialize mono
Mono path[0] = 'C:/Program Files/Unity/Hub/Editor/2020.3.47f1/Editor/Data/Managed'
Mono path[1] = 'C:/Program Files/Unity/Hub/Editor/2020.3.47f1/Editor/Data/MonoBleedingEdge/lib/mono/unityjit'
Mono config path = 'C:/Program Files/Unity/Hub/Editor/2020.3.47f1/Editor/Data/MonoBleedingEdge/etc'
Using monoOptions --debugger-agent=transport=dt_socket,embedding=1,server=y,suspend=n,address=127.0.0.1:56032
Begin MonoManager ReloadAssembly
Registering precompiled unity dll's ...
Register platform support module: C:/Program Files/Unity/Hub/Editor/2020.3.47f1/Editor/Data/PlaybackEngines/WindowsStandaloneSupport/UnityEditor.WindowsStandalone.Extensions.dll
Registered in 0.001129 seconds.
Native extension for WindowsStandalone target not found
Refreshing native plugins compatible for Editor in 23.62 ms, found 2 plugins.
Preloading 0 native plugins for Editor in 0.00 ms.
Mono: successfully reloaded assembly
- Completed reload, in  0.516 seconds
Domain Reload Profiling:
	ReloadAssembly (516ms)
		BeginReloadAssembly (58ms)
			ExecutionOrderSort (0ms)
			DisableScriptedObjects (0ms)
			BackupInstance (0ms)
			ReleaseScriptingObjects (0ms)
			CreateAndSetChildDomain (1ms)
		EndReloadAssembly (383ms)
			LoadAssemblies (57ms)
			RebuildTransferFunctionScriptingTraits (0ms)
			SetupTypeCache (135ms)
			ReleaseScriptCaches (0ms)
			RebuildScriptCaches (26ms)
			SetupLoadedEditorAssemblies (136ms)
				LogAssemblyErrors (0ms)
				InitializePlatformSupportModulesInManaged (4ms)
				SetLoadedEditorAssemblies (0ms)
				RefreshPlugins (24ms)
				BeforeProcessingInitializeOnLoad (9ms)
				ProcessInitializeOnLoadAttributes (71ms)
				ProcessInitializeOnLoadMethodAttributes (28ms)
				AfterProcessingInitializeOnLoad (0ms)
				EditorAssembliesLoaded (0ms)
			ExecutionOrderSort2 (0ms)
			AwakeInstancesAfterBackupRestoration (0ms)
Platform modules already initialized, skipping
Registering precompiled user dll's ...
Registered in 0.002508 seconds.
Begin MonoManager ReloadAssembly
Native extension for WindowsStandalone target not found
Refreshing native plugins compatible for Editor in 0.25 ms, found 2 plugins.
Preloading 0 native plugins for Editor in 0.00 ms.
Mono: successfully reloaded assembly
- Completed reload, in  1.037 seconds
Domain Reload Profiling:
	ReloadAssembly (1037ms)
		BeginReloadAssembly (129ms)
			ExecutionOrderSort (0ms)
			DisableScriptedObjects (4ms)
			BackupInstance (0ms)
			ReleaseScriptingObjects (0ms)
			CreateAndSetChildDomain (17ms)
		EndReloadAssembly (855ms)
			LoadAssemblies (72ms)
			RebuildTransferFunctionScriptingTraits (0ms)
			SetupTypeCache (251ms)
			ReleaseScriptCaches (0ms)
			RebuildScriptCaches (38ms)
			SetupLoadedEditorAssemblies (419ms)
				LogAssemblyErrors (0ms)
				InitializePlatformSupportModulesInManaged (4ms)
				SetLoadedEditorAssemblies (0ms)
				RefreshPlugins (0ms)
				BeforeProcessingInitializeOnLoad (44ms)
				ProcessInitializeOnLoadAttributes (357ms)
				ProcessInitializeOnLoadMethodAttributes (8ms)
				AfterProcessingInitializeOnLoad (4ms)
				EditorAssembliesLoaded (1ms)
			ExecutionOrderSort2 (0ms)
			AwakeInstancesAfterBackupRestoration (2ms)
Platform modules already initialized, skipping
========================================================================
Worker process is ready to serve import requests
Launched and connected shader compiler UnityShaderCompiler.exe after 0.03 seconds
Refreshing native plugins compatible for Editor in 0.30 ms, found 2 plugins.
Preloading 0 native plugins for Editor in 0.00 ms.
Unloading 1320 Unused Serialized files (Serialized files now loaded: 0)
System memory in use before: 63.5 MB.
System memory in use after: 63.5 MB.

Unloading 16 unused Assets to reduce memory usage. Loaded Objects now: 1757.
Total: 3.580100 ms (FindLiveObjects: 0.124100 ms CreateObjectMapping: 0.038600 ms MarkObjects: 3.344500 ms  DeleteObjects: 0.071700 ms)

AssetImportParameters requested are different than current active one (requested -> active):
  custom:framework-win-MediaFoundation: 216162199b28c13a410421893ffa2e32 -> 
  custom:video-decoder-ogg-theora: a1e56fd34408186e4bbccfd4996cb3dc -> 
  custom:container-muxer-webm: aa71ff27fc2769a1b78a27578f13a17b -> 
  custom:container-demuxer-webm: 4f35f7cbe854078d1ac9338744f61a02 -> 
  custom:container-demuxer-ogg: 62fdf1f143b41e24485cea50d1cbac27 -> 
  custom:video-encoder-webm-vp8: eb34c28f22e8b96e1ab97ce403110664 -> 
  custom:video-decoder-webm-vp8: 9c59270c3fd7afecdb556c50c9e8de78 -> 
  custom:audio-decoder-ogg-vorbis: bf7c407c2cedff20999df2af8eb42d56 -> 
  custom:audio-encoder-webm-vorbis: bf7c407c2cedff20999df2af8eb42d56 -> 
========================================================================
Received Import Request.
  path: Assets/flag-6509494__340.jpg
  artifactKey: Guid(a5708e3b33a518b4daa18082791d4286) Importer(815301076,1909f56bfc062723c751e8b465ee728b)
Start importing Assets/flag-6509494__340.jpg using Guid(a5708e3b33a518b4daa18082791d4286) Importer(815301076,1909f56bfc062723c751e8b465ee728b)  -> (artifact id: '8d590173cf717c069dfd0d3ba87ae9b0') in 0.068133 seconds 
========================================================================
Received Import Request.
  Time since last request: 0.000184 seconds.
  path: Assets/457036.jpg
  artifactKey: Guid(5f6fa9de601ef924ba8a09d6a1acf66e) Importer(815301076,1909f56bfc062723c751e8b465ee728b)
Start importing Assets/457036.jpg using Guid(5f6fa9de601ef924ba8a09d6a1acf66e) Importer(815301076,1909f56bfc062723c751e8b465ee728b)  -> (artifact id: '771de2f524fa72944d8d0d32b04a396d') in 0.013323 seconds 
========================================================================
Received Import Request.
  Time since last request: 0.000203 seconds.
  path: Assets/chair.fbx
  artifactKey: Guid(33894c3a3268555419af5e8b926f567f) Importer(815301076,1909f56bfc062723c751e8b465ee728b)
Start importing Assets/chair.fbx using Guid(33894c3a3268555419af5e8b926f567f) Importer(815301076,1909f56bfc062723c751e8b465ee728b)  -> (artifact id: '42d8e898a00affbcfb56ea70ee46b487') in 0.269046 seconds 
========================================================================
Received Import Request.
  Time since last request: 0.000248 seconds.
  path: Assets/Aj@Idle 1 Variant.prefab
  artifactKey: Guid(9f83f78add4600944ae5eded2dc82f11) Importer(815301076,1909f56bfc062723c751e8b465ee728b)
Start importing Assets/Aj@Idle 1 Variant.prefab using Guid(9f83f78add4600944ae5eded2dc82f11) Importer(815301076,1909f56bfc062723c751e8b465ee728b)  -> (artifact id: 'c2b60aa8e29033793dfd47edbd9abc89') in 0.399845 seconds 
========================================================================
Received Import Request.
  Time since last request: 0.000150 seconds.
  path: Assets/book2.fbx
  artifactKey: Guid(0487d1895e878c04792e6fe0154b6180) Importer(815301076,1909f56bfc062723c751e8b465ee728b)
Start importing Assets/book2.fbx using Guid(0487d1895e878c04792e6fe0154b6180) Importer(815301076,1909f56bfc062723c751e8b465ee728b)  -> (artifact id: '714fb363db90898c6a4d507ba87be8a3') in 0.022056 seconds 
========================================================================
Received Import Request.
  Time since last request: 0.000125 seconds.
  path: Assets/girisimcilik-sembol.fbx
  artifactKey: Guid(83dbfc134718fc74c97dc613a7dc698d) Importer(815301076,1909f56bfc062723c751e8b465ee728b)
Start importing Assets/girisimcilik-sembol.fbx using Guid(83dbfc134718fc74c97dc613a7dc698d) Importer(815301076,1909f56bfc062723c751e8b465ee728b)  -> (artifact id: '55e0b185a7a032faf631d0b337afdf6a') in 0.018485 seconds 
========================================================================
Received Import Request.
  Time since last request: 0.000239 seconds.
  path: Assets/google.fbx
  artifactKey: Guid(c24e63e88f6b18541b49af49423e37ee) Importer(815301076,1909f56bfc062723c751e8b465ee728b)
Start importing Assets/google.fbx using Guid(c24e63e88f6b18541b49af49423e37ee) Importer(815301076,1909f56bfc062723c751e8b465ee728b)  -> (artifact id: 'd2af9757542d191e8efd39f1b0a66e87') in 0.029926 seconds 
========================================================================
Received Import Request.
  Time since last request: 0.000125 seconds.
  path: Assets/sandalye.fbx
  artifactKey: Guid(e71ea8ef42d3e5447a0b378cde91a629) Importer(815301076,1909f56bfc062723c751e8b465ee728b)
Start importing Assets/sandalye.fbx using Guid(e71ea8ef42d3e5447a0b378cde91a629) Importer(815301076,1909f56bfc062723c751e8b465ee728b)  -> (artifact id: 'c01bb9ff7c35413b7831655cfdac9d86') in 0.030049 seconds 
========================================================================
Received Import Request.
  Time since last request: 0.000192 seconds.
  path: Assets/tahta.fbx
  artifactKey: Guid(20a8f55188655c34a8c7e3befd5869c4) Importer(815301076,1909f56bfc062723c751e8b465ee728b)
Start importing Assets/tahta.fbx using Guid(20a8f55188655c34a8c7e3befd5869c4) Importer(815301076,1909f56bfc062723c751e8b465ee728b)  -> (artifact id: '3cacd6458e4c78ded5bb8475e4fc020c') in 0.026098 seconds 
========================================================================
Received Import Request.
  Time since last request: 0.000147 seconds.
  path: Assets/insankaynaklar 1.fbx
  artifactKey: Guid(a5e160f131ac2274385b4e8945d04f8e) Importer(815301076,1909f56bfc062723c751e8b465ee728b)
Start importing Assets/insankaynaklar 1.fbx using Guid(a5e160f131ac2274385b4e8945d04f8e) Importer(815301076,1909f56bfc062723c751e8b465ee728b)  -> (artifact id: '3612aea231f7002b909125bf585bd66f') in 0.023699 seconds 
========================================================================
Received Import Request.
  Time since last request: 0.000125 seconds.
  path: Assets/d49d78af16fc94c892d2018001fa7ddb 1.jpg
  artifactKey: Guid(eef180f3045e8d1489ddb95c0b1db35c) Importer(815301076,1909f56bfc062723c751e8b465ee728b)
Start importing Assets/d49d78af16fc94c892d2018001fa7ddb 1.jpg using Guid(eef180f3045e8d1489ddb95c0b1db35c) Importer(815301076,1909f56bfc062723c751e8b465ee728b)  -> (artifact id: '0a68183eaee2733f20ef7b72279a23ed') in 0.011420 seconds 
========================================================================
Received Import Request.
  Time since last request: 0.000236 seconds.
  path: Assets/dolapp.fbx
  artifactKey: Guid(15111907f03673f459ca07ab801036ef) Importer(815301076,1909f56bfc062723c751e8b465ee728b)
Start importing Assets/dolapp.fbx using Guid(15111907f03673f459ca07ab801036ef) Importer(815301076,1909f56bfc062723c751e8b465ee728b)  -> (artifact id: '423f58e58eb1e30fbc877b7866ffd0d3') in 0.025021 seconds 
========================================================================
Received Import Request.
  Time since last request: 0.000197 seconds.
  path: Assets/saat.fbx
  artifactKey: Guid(c16821efb38006348935e28f1554e3d9) Importer(815301076,1909f56bfc062723c751e8b465ee728b)
Start importing Assets/saat.fbx using Guid(c16821efb38006348935e28f1554e3d9) Importer(815301076,1909f56bfc062723c751e8b465ee728b)  -> (artifact id: '3268e26e3018b3c52698ab681a052c80') in 0.028517 seconds 
========================================================================
Received Import Request.
  Time since last request: 0.000152 seconds.
  path: Assets/ask覺l覺kvecanta.fbx
  artifactKey: Guid(bd20dbb483a882c47a3de975d483ed11) Importer(815301076,1909f56bfc062723c751e8b465ee728b)
Start importing Assets/ask覺l覺kvecanta.fbx using Guid(bd20dbb483a882c47a3de975d483ed11) Importer(815301076,1909f56bfc062723c751e8b465ee728b)  -> (artifact id: 'c2fb881c31273a83be3f699165a6247c') in 0.082558 seconds 
========================================================================
Received Import Request.
  Time since last request: 0.000230 seconds.
  path: Assets/Aj@Idle 1 Variant 1.prefab
  artifactKey: Guid(7b8a848df14ff484dbd1250bc5709f6f) Importer(815301076,1909f56bfc062723c751e8b465ee728b)
Start importing Assets/Aj@Idle 1 Variant 1.prefab using Guid(7b8a848df14ff484dbd1250bc5709f6f) Importer(815301076,1909f56bfc062723c751e8b465ee728b)  -> (artifact id: 'f1e523e7d8ac171ac9d2dabb460a7645') in 0.032907 seconds 
========================================================================
Received Import Request.
  Time since last request: 0.000299 seconds.
  path: Assets/florasan (1) Variant.prefab
  artifactKey: Guid(84521bb687d07a44fb1a793b43c36188) Importer(815301076,1909f56bfc062723c751e8b465ee728b)
Start importing Assets/florasan (1) Variant.prefab using Guid(84521bb687d07a44fb1a793b43c36188) Importer(815301076,1909f56bfc062723c751e8b465ee728b)  -> (artifact id: '8aacd6342310961a7ee33c22a1d714db') in 0.097707 seconds 
========================================================================
Received Import Request.
  Time since last request: 0.000290 seconds.
  path: Assets/desk.fbx
  artifactKey: Guid(eea7dc4b50d09aa4d94dca4da0ced55b) Importer(815301076,1909f56bfc062723c751e8b465ee728b)
Start importing Assets/desk.fbx using Guid(eea7dc4b50d09aa4d94dca4da0ced55b) Importer(815301076,1909f56bfc062723c751e8b465ee728b)  -> (artifact id: 'a988a2a071600d5d4019903b15e415bf') in 0.024563 seconds 
========================================================================
Received Import Request.
  Time since last request: 0.000149 seconds.
  path: Assets/Ch43_nonPBR@Drunk Idle Variation.prefab
  artifactKey: Guid(653b98942c9871a4ca181d7764a18d2a) Importer(815301076,1909f56bfc062723c751e8b465ee728b)
Start importing Assets/Ch43_nonPBR@Drunk Idle Variation.prefab using Guid(653b98942c9871a4ca181d7764a18d2a) Importer(815301076,1909f56bfc062723c751e8b465ee728b)  -> (artifact id: '220356a956af9b0fdcc3242f3f7765d1') in 0.010142 seconds 
========================================================================
Received Import Request.
  Time since last request: 0.000201 seconds.
  path: Assets/sandalyee.fbx
  artifactKey: Guid(5ae01cc107cc0b84193eac8e12e2c53c) Importer(815301076,1909f56bfc062723c751e8b465ee728b)
Start importing Assets/sandalyee.fbx using Guid(5ae01cc107cc0b84193eac8e12e2c53c) Importer(815301076,1909f56bfc062723c751e8b465ee728b)  -> (artifact id: '4982cf1561270b373d167ed782f9df8a') in 0.026352 seconds 
========================================================================
Received Import Request.
  Time since last request: 0.000342 seconds.
  path: Assets/florasan.fbx
  artifactKey: Guid(fe42dbdd575e5fb488a48a5cdb2444bb) Importer(815301076,1909f56bfc062723c751e8b465ee728b)
Start importing Assets/florasan.fbx using Guid(fe42dbdd575e5fb488a48a5cdb2444bb) Importer(815301076,1909f56bfc062723c751e8b465ee728b)  -> (artifact id: 'fa2bc38596fad854dc593b0bd0661656') in 0.026770 seconds 
========================================================================
Received Import Request.
  Time since last request: 0.000166 seconds.
  path: Assets/mug.fbx
  artifactKey: Guid(4953f0e93d0d69d4d8b9d04e7e5be60e) Importer(815301076,1909f56bfc062723c751e8b465ee728b)
Start importing Assets/mug.fbx using Guid(4953f0e93d0d69d4d8b9d04e7e5be60e) Importer(815301076,1909f56bfc062723c751e8b465ee728b)  -> (artifact id: 'ddac98bf06fd3c2855e14e8370e10511') in 0.020118 seconds 
========================================================================
Received Import Request.
  Time since last request: 0.000145 seconds.
  path: Assets/cicek1.fbx
  artifactKey: Guid(b38b247dd8db87b468179f94373a4a19) Importer(815301076,1909f56bfc062723c751e8b465ee728b)
Start importing Assets/cicek1.fbx using Guid(b38b247dd8db87b468179f94373a4a19) Importer(815301076,1909f56bfc062723c751e8b465ee728b)  -> (artifact id: 'b25219e4178a0f3eef88fcc868743da8') in 0.037775 seconds 
========================================================================
Received Import Request.
  Time since last request: 0.000234 seconds.
  path: Assets/cicek2.fbx
  artifactKey: Guid(b931a95c4b95d134db6f4263c6f478aa) Importer(815301076,1909f56bfc062723c751e8b465ee728b)
Start importing Assets/cicek2.fbx using Guid(b931a95c4b95d134db6f4263c6f478aa) Importer(815301076,1909f56bfc062723c751e8b465ee728b)  -> (artifact id: 'a38452ef2429beeb799b09cd9bfdfc05') in 0.027421 seconds 
========================================================================
Received Import Request.
  Time since last request: 0.000161 seconds.
  path: Assets/cam.fbx
  artifactKey: Guid(445e481be7028714296e2a765ac0fa80) Importer(815301076,1909f56bfc062723c751e8b465ee728b)
Start importing Assets/cam.fbx using Guid(445e481be7028714296e2a765ac0fa80) Importer(815301076,1909f56bfc062723c751e8b465ee728b)  -> (artifact id: '27f654a9a21419a1b5de00e5b51d3de1') in 0.023921 seconds 
========================================================================
Received Import Request.
  Time since last request: 0.000158 seconds.
  path: Assets/gold.fbx
  artifactKey: Guid(264067f73b462704fa5d462479884b8e) Importer(815301076,1909f56bfc062723c751e8b465ee728b)
Start importing Assets/gold.fbx using Guid(264067f73b462704fa5d462479884b8e) Importer(815301076,1909f56bfc062723c751e8b465ee728b)  -> (artifact id: '34b733512a3d60c52661be84a9f3b15b') in 0.020996 seconds 
========================================================================
Received Import Request.
  Time since last request: 0.000121 seconds.
  path: Assets/LOCKER.fbx
  artifactKey: Guid(06025d97c569b2c439099c070e39ff9c) Importer(815301076,1909f56bfc062723c751e8b465ee728b)
Start importing Assets/LOCKER.fbx using Guid(06025d97c569b2c439099c070e39ff9c) Importer(815301076,1909f56bfc062723c751e8b465ee728b)  -> (artifact id: '816e9acf8ce79b2b0cb8061d57983c8e') in 0.031729 seconds 
========================================================================
Received Import Request.
  Time since last request: 0.000170 seconds.
  path: Assets/Aj@Idle 1.fbx
  artifactKey: Guid(a51d66dd4121c964fbf9129c23b95ace) Importer(815301076,1909f56bfc062723c751e8b465ee728b)
Start importing Assets/Aj@Idle 1.fbx using Guid(a51d66dd4121c964fbf9129c23b95ace) Importer(815301076,1909f56bfc062723c751e8b465ee728b)  -> (artifact id: '704cd68a976bb26167e0bf7033815817') in 0.058068 seconds 
========================================================================
Received Import Request.
  Time since last request: 0.000142 seconds.
  path: Assets/laptop.fbx
  artifactKey: Guid(af42cf2cbbb706b46ad179249b3ce7ee) Importer(815301076,1909f56bfc062723c751e8b465ee728b)
Start importing Assets/laptop.fbx using Guid(af42cf2cbbb706b46ad179249b3ce7ee) Importer(815301076,1909f56bfc062723c751e8b465ee728b)  -> (artifact id: 'd7524cd9b13d3bdd7a6532c55a1c502b') in 0.031293 seconds 
========================================================================
Received Import Request.
  Time since last request: 0.000168 seconds.
  path: Assets/hukuk.fbx
  artifactKey: Guid(c7428ead1530cfa4faec54ac4020897b) Importer(815301076,1909f56bfc062723c751e8b465ee728b)
Start importing Assets/hukuk.fbx using Guid(c7428ead1530cfa4faec54ac4020897b) Importer(815301076,1909f56bfc062723c751e8b465ee728b)  -> (artifact id: '89d22737ab5c85364370abcdcf3ab0ba') in 0.027907 seconds 
========================================================================
Received Import Request.
  Time since last request: 0.000136 seconds.
  path: Assets/book1.fbx
  artifactKey: Guid(d661a1c1d30d49b4fa124777d64c527f) Importer(815301076,1909f56bfc062723c751e8b465ee728b)
Start importing Assets/book1.fbx using Guid(d661a1c1d30d49b4fa124777d64c527f) Importer(815301076,1909f56bfc062723c751e8b465ee728b)  -> (artifact id: '24409d7489a1d4ac804704b89572e10f') in 0.024987 seconds 
========================================================================
Received Import Request.
  Time since last request: 2.403277 seconds.
  path: Assets/unity-logo.fbx
  artifactKey: Guid(e010f37ea1fd61247a0f1aec921e5cef) Importer(815301076,1909f56bfc062723c751e8b465ee728b)
Start importing Assets/unity-logo.fbx using Guid(e010f37ea1fd61247a0f1aec921e5cef) Importer(815301076,1909f56bfc062723c751e8b465ee728b)  -> (artifact id: '847b4ccd412afe40209a273e445baf60') in 0.021584 seconds 
========================================================================
Received Import Request.
  Time since last request: 0.000242 seconds.
  path: Assets/yangin-sondurme-aleti.fbx
  artifactKey: Guid(31afa83a6909dae46ad2fad07e9bbbc6) Importer(815301076,1909f56bfc062723c751e8b465ee728b)
Start importing Assets/yangin-sondurme-aleti.fbx using Guid(31afa83a6909dae46ad2fad07e9bbbc6) Importer(815301076,1909f56bfc062723c751e8b465ee728b)  -> (artifact id: '38d174afc0ed9a03b1db65808388cf24') in 0.036274 seconds 
========================================================================
Received Import Request.
  Time since last request: 2.151803 seconds.
  path: Assets/Materials
  artifactKey: Guid(4cb93cd4d61089e48a03808dbc4a7991) Importer(815301076,1909f56bfc062723c751e8b465ee728b)
Start importing Assets/Materials using Guid(4cb93cd4d61089e48a03808dbc4a7991) Importer(815301076,1909f56bfc062723c751e8b465ee728b)  -> (artifact id: 'd6742da72cfc227de44a6597cf224c2c') in 0.006168 seconds 
========================================================================
Received Import Request.
  Time since last request: 0.029487 seconds.
  path: Assets/Materials/457036.mat
  artifactKey: Guid(dd56ba2a0179e114c9fe48461f57dc05) Importer(815301076,1909f56bfc062723c751e8b465ee728b)
Start importing Assets/Materials/457036.mat using Guid(dd56ba2a0179e114c9fe48461f57dc05) Importer(815301076,1909f56bfc062723c751e8b465ee728b)  -> (artifact id: '6a3201e94b47fa83ed181f5caa41d4b5') in 0.015199 seconds 
========================================================================
Received Import Request.
  Time since last request: 0.000301 seconds.
  path: Assets/Materials/flag-6509494__340.mat
  artifactKey: Guid(7ebb27a857927a54ea6380b15f816386) Importer(815301076,1909f56bfc062723c751e8b465ee728b)
Start importing Assets/Materials/flag-6509494__340.mat using Guid(7ebb27a857927a54ea6380b15f816386) Importer(815301076,1909f56bfc062723c751e8b465ee728b)  -> (artifact id: '329bc7649be95fe601998c759f317484') in 0.016703 seconds 
========================================================================
Received Import Request.
  Time since last request: 0.000424 seconds.
  path: Assets/Materials/d49d78af16fc94c892d2018001fa7ddb 1.mat
  artifactKey: Guid(f863974af7330764e994e3192df28ffb) Importer(815301076,1909f56bfc062723c751e8b465ee728b)
Start importing Assets/Materials/d49d78af16fc94c892d2018001fa7ddb 1.mat using Guid(f863974af7330764e994e3192df28ffb) Importer(815301076,1909f56bfc062723c751e8b465ee728b)  -> (artifact id: '974bf61b87aef216be8d46a15b16c6d8') in 0.013871 seconds 
AssetImportWorkerClient::OnTransportError - code=2 error=End of file
